<?xml version="1.0" encoding="UTF-8"?>
<coverage generated="1756451508262" clover="3.2.0">
  <project timestamp="1756451508262" name="All files">
    <metrics statements="109" coveredstatements="93" conditionals="16" coveredconditionals="8" methods="28" coveredmethods="20" elements="153" coveredelements="121" complexity="0" loc="109" ncloc="109" packages="5" files="5" classes="5"/>
    <package name="Drizzle">
      <metrics statements="21" coveredstatements="16" conditionals="0" coveredconditionals="0" methods="5" coveredmethods="0"/>
      <file name="schema.ts" path="C:\Users\manu\Desktop\Hotel Management System\api\src\Drizzle\schema.ts">
        <metrics statements="21" coveredstatements="16" conditionals="0" coveredconditionals="0" methods="5" coveredmethods="0"/>
        <line num="1" count="4" type="stmt"/>
        <line num="14" count="4" type="stmt"/>
        <line num="15" count="4" type="stmt"/>
        <line num="16" count="4" type="stmt"/>
        <line num="17" count="4" type="stmt"/>
        <line num="21" count="4" type="stmt"/>
        <line num="36" count="4" type="stmt"/>
        <line num="50" count="4" type="stmt"/>
        <line num="52" count="0" type="stmt"/>
        <line num="64" count="4" type="stmt"/>
        <line num="66" count="0" type="stmt"/>
        <line num="70" count="0" type="stmt"/>
        <line num="82" count="4" type="stmt"/>
        <line num="84" count="0" type="stmt"/>
        <line num="97" count="4" type="stmt"/>
        <line num="99" count="0" type="stmt"/>
        <line num="112" count="4" type="stmt"/>
        <line num="117" count="4" type="stmt"/>
        <line num="122" count="4" type="stmt"/>
        <line num="127" count="4" type="stmt"/>
        <line num="132" count="4" type="stmt"/>
      </file>
    </package>
    <package name="customerSupportTickets">
      <metrics statements="18" coveredstatements="18" conditionals="4" coveredconditionals="2" methods="5" coveredmethods="5"/>
      <file name="customerSupportTickets.service.ts" path="C:\Users\manu\Desktop\Hotel Management System\api\src\customerSupportTickets\customerSupportTickets.service.ts">
        <metrics statements="18" coveredstatements="18" conditionals="4" coveredconditionals="2" methods="5" coveredmethods="5"/>
        <line num="2" count="1" type="stmt"/>
        <line num="3" count="1" type="stmt"/>
        <line num="4" count="1" type="stmt"/>
        <line num="6" count="1" type="stmt"/>
        <line num="7" count="1" type="stmt"/>
        <line num="8" count="1" type="cond" truecount="1" falsecount="1"/>
        <line num="11" count="1" type="stmt"/>
        <line num="12" count="1" type="stmt"/>
        <line num="13" count="1" type="stmt"/>
        <line num="16" count="1" type="stmt"/>
        <line num="17" count="1" type="stmt"/>
        <line num="18" count="1" type="cond" truecount="1" falsecount="1"/>
        <line num="21" count="1" type="stmt"/>
        <line num="22" count="1" type="stmt"/>
        <line num="26" count="1" type="stmt"/>
        <line num="29" count="1" type="stmt"/>
        <line num="30" count="1" type="stmt"/>
        <line num="31" count="1" type="stmt"/>
      </file>
    </package>
    <package name="hotels">
      <metrics statements="27" coveredstatements="21" conditionals="4" coveredconditionals="2" methods="7" coveredmethods="5"/>
      <file name="hotels.service.ts" path="C:\Users\manu\Desktop\Hotel Management System\api\src\hotels\hotels.service.ts">
        <metrics statements="27" coveredstatements="21" conditionals="4" coveredconditionals="2" methods="7" coveredmethods="5"/>
        <line num="1" count="1" type="stmt"/>
        <line num="2" count="1" type="stmt"/>
        <line num="3" count="1" type="stmt"/>
        <line num="4" count="1" type="stmt"/>
        <line num="8" count="1" type="stmt"/>
        <line num="9" count="1" type="stmt"/>
        <line num="10" count="1" type="cond" truecount="1" falsecount="1"/>
        <line num="14" count="1" type="stmt"/>
        <line num="15" count="1" type="stmt"/>
        <line num="16" count="1" type="stmt"/>
        <line num="20" count="1" type="stmt"/>
        <line num="21" count="1" type="stmt"/>
        <line num="22" count="1" type="cond" truecount="1" falsecount="1"/>
        <line num="26" count="1" type="stmt"/>
        <line num="27" count="1" type="stmt"/>
        <line num="28" count="1" type="stmt"/>
        <line num="32" count="1" type="stmt"/>
        <line num="33" count="1" type="stmt"/>
        <line num="34" count="1" type="stmt"/>
        <line num="38" count="1" type="stmt"/>
        <line num="39" count="0" type="stmt"/>
        <line num="40" count="0" type="stmt"/>
        <line num="41" count="0" type="stmt"/>
        <line num="45" count="1" type="stmt"/>
        <line num="46" count="0" type="stmt"/>
        <line num="47" count="0" type="stmt"/>
        <line num="48" count="0" type="stmt"/>
      </file>
    </package>
    <package name="payments">
      <metrics statements="25" coveredstatements="20" conditionals="4" coveredconditionals="2" methods="6" coveredmethods="5"/>
      <file name="payments.service.ts" path="C:\Users\manu\Desktop\Hotel Management System\api\src\payments\payments.service.ts">
        <metrics statements="25" coveredstatements="20" conditionals="4" coveredconditionals="2" methods="6" coveredmethods="5"/>
        <line num="2" count="1" type="stmt"/>
        <line num="3" count="1" type="stmt"/>
        <line num="4" count="1" type="stmt"/>
        <line num="5" count="1" type="stmt"/>
        <line num="8" count="1" type="stmt"/>
        <line num="9" count="1" type="stmt"/>
        <line num="10" count="1" type="cond" truecount="1" falsecount="1"/>
        <line num="13" count="1" type="stmt"/>
        <line num="14" count="1" type="stmt"/>
        <line num="15" count="1" type="stmt"/>
        <line num="18" count="1" type="stmt"/>
        <line num="19" count="1" type="stmt"/>
        <line num="20" count="1" type="cond" truecount="1" falsecount="1"/>
        <line num="23" count="1" type="stmt"/>
        <line num="24" count="1" type="stmt"/>
        <line num="25" count="1" type="stmt"/>
        <line num="28" count="1" type="stmt"/>
        <line num="29" count="1" type="stmt"/>
        <line num="30" count="1" type="stmt"/>
        <line num="33" count="1" type="stmt"/>
        <line num="34" count="0" type="stmt"/>
        <line num="35" count="0" type="stmt"/>
        <line num="36" count="0" type="stmt"/>
        <line num="38" count="0" type="stmt"/>
        <line num="48" count="0" type="stmt"/>
      </file>
    </package>
    <package name="users">
      <metrics statements="18" coveredstatements="18" conditionals="4" coveredconditionals="2" methods="5" coveredmethods="5"/>
      <file name="users.service.ts" path="C:\Users\manu\Desktop\Hotel Management System\api\src\users\users.service.ts">
        <metrics statements="18" coveredstatements="18" conditionals="4" coveredconditionals="2" methods="5" coveredmethods="5"/>
        <line num="1" count="1" type="stmt"/>
        <line num="2" count="1" type="stmt"/>
        <line num="3" count="1" type="stmt"/>
        <line num="6" count="1" type="stmt"/>
        <line num="7" count="1" type="stmt"/>
        <line num="8" count="1" type="cond" truecount="1" falsecount="1"/>
        <line num="12" count="1" type="stmt"/>
        <line num="13" count="1" type="stmt"/>
        <line num="14" count="1" type="stmt"/>
        <line num="18" count="1" type="stmt"/>
        <line num="19" count="1" type="stmt"/>
        <line num="20" count="1" type="cond" truecount="1" falsecount="1"/>
        <line num="24" count="1" type="stmt"/>
        <line num="25" count="1" type="stmt"/>
        <line num="26" count="1" type="stmt"/>
        <line num="30" count="1" type="stmt"/>
        <line num="31" count="1" type="stmt"/>
        <line num="32" count="1" type="stmt"/>
      </file>
    </package>
  </project>
</coverage>
