{"C:\\Users\\manu\\Desktop\\Hotel Management System\\api\\src\\Drizzle\\schema.ts": {"path":"C:\\Users\\manu\\Desktop\\Hotel Management System\\api\\src\\Drizzle\\schema.ts","statementMap":{"0":{"start":{"line":1,"column":0},"end":{"line":1,"column":null}},"1":{"start":{"line":14,"column":13},"end":{"line":14,"column":58}},"2":{"start":{"line":15,"column":13},"end":{"line":15,"column":96}},"3":{"start":{"line":16,"column":13},"end":{"line":16,"column":93}},"4":{"start":{"line":17,"column":13},"end":{"line":17,"column":77}},"5":{"start":{"line":21,"column":13},"end":{"line":34,"column":3}},"6":{"start":{"line":36,"column":13},"end":{"line":48,"column":3}},"7":{"start":{"line":50,"column":13},"end":{"line":62,"column":3}},"8":{"start":{"line":52,"column":47},"end":{"line":52,"column":61}},"9":{"start":{"line":64,"column":13},"end":{"line":80,"column":3}},"10":{"start":{"line":66,"column":45},"end":{"line":66,"column":57}},"11":{"start":{"line":70,"column":45},"end":{"line":70,"column":57}},"12":{"start":{"line":82,"column":13},"end":{"line":95,"column":3}},"13":{"start":{"line":84,"column":51},"end":{"line":84,"column":69}},"14":{"start":{"line":97,"column":13},"end":{"line":108,"column":3}},"15":{"start":{"line":99,"column":45},"end":{"line":99,"column":57}},"16":{"start":{"line":112,"column":13},"end":{"line":115,"column":2}},"17":{"start":{"line":117,"column":13},"end":{"line":120,"column":2}},"18":{"start":{"line":122,"column":13},"end":{"line":125,"column":2}},"19":{"start":{"line":127,"column":13},"end":{"line":130,"column":2}},"20":{"start":{"line":132,"column":13},"end":{"line":135,"column":2}}},"fnMap":{"0":{"name":"(anonymous_0)","decl":{"start":{"line":52,"column":41},"end":{"line":52,"column":44}},"loc":{"start":{"line":52,"column":47},"end":{"line":52,"column":61}}},"1":{"name":"(anonymous_1)","decl":{"start":{"line":66,"column":39},"end":{"line":66,"column":42}},"loc":{"start":{"line":66,"column":45},"end":{"line":66,"column":57}}},"2":{"name":"(anonymous_2)","decl":{"start":{"line":70,"column":39},"end":{"line":70,"column":42}},"loc":{"start":{"line":70,"column":45},"end":{"line":70,"column":57}}},"3":{"name":"(anonymous_3)","decl":{"start":{"line":84,"column":45},"end":{"line":84,"column":48}},"loc":{"start":{"line":84,"column":51},"end":{"line":84,"column":69}}},"4":{"name":"(anonymous_4)","decl":{"start":{"line":99,"column":39},"end":{"line":99,"column":42}},"loc":{"start":{"line":99,"column":45},"end":{"line":99,"column":57}}}},"branchMap":{},"s":{"0":4,"1":4,"2":4,"3":4,"4":4,"5":4,"6":4,"7":4,"8":0,"9":4,"10":0,"11":0,"12":4,"13":0,"14":4,"15":0,"16":4,"17":4,"18":4,"19":4,"20":4},"f":{"0":0,"1":0,"2":0,"3":0,"4":0},"b":{}}
,"C:\\Users\\manu\\Desktop\\Hotel Management System\\api\\src\\customerSupportTickets\\customerSupportTickets.service.ts": {"path":"C:\\Users\\manu\\Desktop\\Hotel Management System\\api\\src\\customerSupportTickets\\customerSupportTickets.service.ts","statementMap":{"0":{"start":{"line":2,"column":0},"end":{"line":2,"column":33}},"1":{"start":{"line":3,"column":0},"end":{"line":3,"column":31}},"2":{"start":{"line":4,"column":0},"end":{"line":4,"column":59}},"3":{"start":{"line":6,"column":50},"end":{"line":9,"column":1}},"4":{"start":{"line":7,"column":21},"end":{"line":7,"column":87}},"5":{"start":{"line":8,"column":2},"end":{"line":8,"column":26}},"6":{"start":{"line":6,"column":13},"end":{"line":6,"column":50}},"7":{"start":{"line":11,"column":51},"end":{"line":14,"column":1}},"8":{"start":{"line":12,"column":21},"end":{"line":12,"column":67}},"9":{"start":{"line":13,"column":2},"end":{"line":13,"column":20}},"10":{"start":{"line":11,"column":13},"end":{"line":11,"column":51}},"11":{"start":{"line":16,"column":51},"end":{"line":19,"column":1}},"12":{"start":{"line":17,"column":19},"end":{"line":17,"column":112}},"13":{"start":{"line":18,"column":2},"end":{"line":18,"column":24}},"14":{"start":{"line":16,"column":13},"end":{"line":16,"column":51}},"15":{"start":{"line":21,"column":50},"end":{"line":27,"column":1}},"16":{"start":{"line":22,"column":2},"end":{"line":24,"column":52}},"17":{"start":{"line":26,"column":2},"end":{"line":26,"column":39}},"18":{"start":{"line":21,"column":13},"end":{"line":21,"column":50}},"19":{"start":{"line":29,"column":50},"end":{"line":32,"column":1}},"20":{"start":{"line":30,"column":2},"end":{"line":30,"column":101}},"21":{"start":{"line":31,"column":2},"end":{"line":31,"column":39}},"22":{"start":{"line":29,"column":13},"end":{"line":29,"column":50}}},"fnMap":{"0":{"name":"(anonymous_1)","decl":{"start":{"line":6,"column":50},"end":{"line":6,"column":55}},"loc":{"start":{"line":6,"column":72},"end":{"line":9,"column":1}}},"1":{"name":"(anonymous_2)","decl":{"start":{"line":11,"column":51},"end":{"line":11,"column":56}},"loc":{"start":{"line":11,"column":62},"end":{"line":14,"column":1}}},"2":{"name":"(anonymous_3)","decl":{"start":{"line":16,"column":51},"end":{"line":16,"column":56}},"loc":{"start":{"line":16,"column":72},"end":{"line":19,"column":1}}},"3":{"name":"(anonymous_4)","decl":{"start":{"line":21,"column":50},"end":{"line":21,"column":55}},"loc":{"start":{"line":21,"column":88},"end":{"line":27,"column":1}}},"4":{"name":"(anonymous_5)","decl":{"start":{"line":29,"column":50},"end":{"line":29,"column":55}},"loc":{"start":{"line":29,"column":71},"end":{"line":32,"column":1}}}},"branchMap":{"0":{"loc":{"start":{"line":8,"column":9},"end":{"line":8,"column":25}},"type":"binary-expr","locations":[{"start":{"line":8,"column":9},"end":{"line":8,"column":17}},{"start":{"line":8,"column":21},"end":{"line":8,"column":25}}]},"1":{"loc":{"start":{"line":18,"column":9},"end":{"line":18,"column":23}},"type":"binary-expr","locations":[{"start":{"line":18,"column":9},"end":{"line":18,"column":15}},{"start":{"line":18,"column":19},"end":{"line":18,"column":23}}]}},"s":{"0":1,"1":1,"2":1,"3":1,"4":1,"5":1,"6":1,"7":1,"8":1,"9":1,"10":1,"11":1,"12":1,"13":1,"14":1,"15":1,"16":1,"17":1,"18":1,"19":1,"20":1,"21":1,"22":1},"f":{"0":1,"1":1,"2":1,"3":1,"4":1},"b":{"0":[1,0],"1":[1,0]}}
,"C:\\Users\\manu\\Desktop\\Hotel Management System\\api\\src\\hotels\\hotels.service.ts": {"path":"C:\\Users\\manu\\Desktop\\Hotel Management System\\api\\src\\hotels\\hotels.service.ts","statementMap":{"0":{"start":{"line":1,"column":0},"end":{"line":1,"column":33}},"1":{"start":{"line":2,"column":0},"end":{"line":2,"column":33}},"2":{"start":{"line":3,"column":0},"end":{"line":3,"column":43}},"3":{"start":{"line":4,"column":0},"end":{"line":4,"column":35}},"4":{"start":{"line":8,"column":34},"end":{"line":11,"column":1}},"5":{"start":{"line":9,"column":21},"end":{"line":9,"column":70}},"6":{"start":{"line":10,"column":2},"end":{"line":10,"column":26}},"7":{"start":{"line":8,"column":13},"end":{"line":8,"column":34}},"8":{"start":{"line":14,"column":35},"end":{"line":17,"column":1}},"9":{"start":{"line":15,"column":20},"end":{"line":15,"column":50}},"10":{"start":{"line":16,"column":2},"end":{"line":16,"column":19}},"11":{"start":{"line":14,"column":13},"end":{"line":14,"column":35}},"12":{"start":{"line":20,"column":35},"end":{"line":23,"column":1}},"13":{"start":{"line":21,"column":18},"end":{"line":21,"column":78}},"14":{"start":{"line":22,"column":2},"end":{"line":22,"column":23}},"15":{"start":{"line":20,"column":13},"end":{"line":20,"column":35}},"16":{"start":{"line":26,"column":34},"end":{"line":29,"column":1}},"17":{"start":{"line":27,"column":2},"end":{"line":27,"column":102}},"18":{"start":{"line":28,"column":2},"end":{"line":28,"column":38}},"19":{"start":{"line":26,"column":13},"end":{"line":26,"column":34}},"20":{"start":{"line":32,"column":34},"end":{"line":35,"column":1}},"21":{"start":{"line":33,"column":2},"end":{"line":33,"column":68}},"22":{"start":{"line":34,"column":2},"end":{"line":34,"column":38}},"23":{"start":{"line":32,"column":13},"end":{"line":32,"column":34}},"24":{"start":{"line":38,"column":45},"end":{"line":42,"column":1}},"25":{"start":{"line":39,"column":25},"end":{"line":39,"column":64}},"26":{"start":{"line":40,"column":17},"end":{"line":40,"column":69}},"27":{"start":{"line":41,"column":2},"end":{"line":41,"column":16}},"28":{"start":{"line":38,"column":13},"end":{"line":38,"column":45}},"29":{"start":{"line":45,"column":43},"end":{"line":49,"column":1}},"30":{"start":{"line":46,"column":23},"end":{"line":46,"column":48}},"31":{"start":{"line":47,"column":17},"end":{"line":47,"column":67}},"32":{"start":{"line":48,"column":2},"end":{"line":48,"column":16}},"33":{"start":{"line":45,"column":13},"end":{"line":45,"column":43}}},"fnMap":{"0":{"name":"(anonymous_1)","decl":{"start":{"line":8,"column":34},"end":{"line":8,"column":39}},"loc":{"start":{"line":8,"column":55},"end":{"line":11,"column":1}}},"1":{"name":"(anonymous_2)","decl":{"start":{"line":14,"column":35},"end":{"line":14,"column":40}},"loc":{"start":{"line":14,"column":46},"end":{"line":17,"column":1}}},"2":{"name":"(anonymous_3)","decl":{"start":{"line":20,"column":35},"end":{"line":20,"column":40}},"loc":{"start":{"line":20,"column":56},"end":{"line":23,"column":1}}},"3":{"name":"(anonymous_4)","decl":{"start":{"line":26,"column":34},"end":{"line":26,"column":39}},"loc":{"start":{"line":26,"column":72},"end":{"line":29,"column":1}}},"4":{"name":"(anonymous_5)","decl":{"start":{"line":32,"column":34},"end":{"line":32,"column":39}},"loc":{"start":{"line":32,"column":55},"end":{"line":35,"column":1}}},"5":{"name":"(anonymous_6)","decl":{"start":{"line":38,"column":45},"end":{"line":38,"column":50}},"loc":{"start":{"line":38,"column":72},"end":{"line":42,"column":1}}},"6":{"name":"(anonymous_7)","decl":{"start":{"line":45,"column":43},"end":{"line":45,"column":48}},"loc":{"start":{"line":45,"column":68},"end":{"line":49,"column":1}}}},"branchMap":{"0":{"loc":{"start":{"line":10,"column":9},"end":{"line":10,"column":25}},"type":"binary-expr","locations":[{"start":{"line":10,"column":9},"end":{"line":10,"column":17}},{"start":{"line":10,"column":21},"end":{"line":10,"column":25}}]},"1":{"loc":{"start":{"line":22,"column":9},"end":{"line":22,"column":22}},"type":"binary-expr","locations":[{"start":{"line":22,"column":9},"end":{"line":22,"column":14}},{"start":{"line":22,"column":18},"end":{"line":22,"column":22}}]}},"s":{"0":1,"1":1,"2":1,"3":1,"4":1,"5":1,"6":1,"7":1,"8":1,"9":1,"10":1,"11":1,"12":1,"13":1,"14":1,"15":1,"16":1,"17":1,"18":1,"19":1,"20":1,"21":1,"22":1,"23":1,"24":1,"25":0,"26":0,"27":0,"28":1,"29":1,"30":0,"31":0,"32":0,"33":1},"f":{"0":1,"1":1,"2":1,"3":1,"4":1,"5":0,"6":0},"b":{"0":[1,0],"1":[1,0]}}
,"C:\\Users\\manu\\Desktop\\Hotel Management System\\api\\src\\payments\\payments.service.ts": {"path":"C:\\Users\\manu\\Desktop\\Hotel Management System\\api\\src\\payments\\payments.service.ts","statementMap":{"0":{"start":{"line":2,"column":0},"end":{"line":2,"column":33}},"1":{"start":{"line":3,"column":0},"end":{"line":3,"column":31}},"2":{"start":{"line":4,"column":0},"end":{"line":4,"column":45}},"3":{"start":{"line":5,"column":0},"end":{"line":5,"column":43}},"4":{"start":{"line":8,"column":36},"end":{"line":11,"column":1}},"5":{"start":{"line":9,"column":21},"end":{"line":9,"column":74}},"6":{"start":{"line":10,"column":2},"end":{"line":10,"column":26}},"7":{"start":{"line":8,"column":13},"end":{"line":8,"column":36}},"8":{"start":{"line":13,"column":37},"end":{"line":16,"column":1}},"9":{"start":{"line":14,"column":22},"end":{"line":14,"column":54}},"10":{"start":{"line":15,"column":2},"end":{"line":15,"column":21}},"11":{"start":{"line":13,"column":13},"end":{"line":13,"column":37}},"12":{"start":{"line":18,"column":37},"end":{"line":21,"column":1}},"13":{"start":{"line":19,"column":20},"end":{"line":19,"column":86}},"14":{"start":{"line":20,"column":2},"end":{"line":20,"column":25}},"15":{"start":{"line":18,"column":13},"end":{"line":18,"column":37}},"16":{"start":{"line":23,"column":36},"end":{"line":26,"column":1}},"17":{"start":{"line":24,"column":2},"end":{"line":24,"column":108}},"18":{"start":{"line":25,"column":2},"end":{"line":25,"column":40}},"19":{"start":{"line":23,"column":13},"end":{"line":23,"column":36}},"20":{"start":{"line":28,"column":36},"end":{"line":31,"column":1}},"21":{"start":{"line":29,"column":2},"end":{"line":29,"column":74}},"22":{"start":{"line":30,"column":2},"end":{"line":30,"column":40}},"23":{"start":{"line":28,"column":13},"end":{"line":28,"column":36}},"24":{"start":{"line":33,"column":40},"end":{"line":49,"column":1}},"25":{"start":{"line":34,"column":23},"end":{"line":34,"column":37}},"26":{"start":{"line":35,"column":19},"end":{"line":35,"column":41}},"27":{"start":{"line":36,"column":2},"end":{"line":36,"column":47}},"28":{"start":{"line":38,"column":17},"end":{"line":45,"column":null}},"29":{"start":{"line":48,"column":2},"end":{"line":48,"column":16}},"30":{"start":{"line":33,"column":13},"end":{"line":33,"column":40}}},"fnMap":{"0":{"name":"(anonymous_1)","decl":{"start":{"line":8,"column":36},"end":{"line":8,"column":41}},"loc":{"start":{"line":8,"column":59},"end":{"line":11,"column":1}}},"1":{"name":"(anonymous_2)","decl":{"start":{"line":13,"column":37},"end":{"line":13,"column":42}},"loc":{"start":{"line":13,"column":48},"end":{"line":16,"column":1}}},"2":{"name":"(anonymous_3)","decl":{"start":{"line":18,"column":37},"end":{"line":18,"column":42}},"loc":{"start":{"line":18,"column":58},"end":{"line":21,"column":1}}},"3":{"name":"(anonymous_4)","decl":{"start":{"line":23,"column":36},"end":{"line":23,"column":41}},"loc":{"start":{"line":23,"column":74},"end":{"line":26,"column":1}}},"4":{"name":"(anonymous_5)","decl":{"start":{"line":28,"column":36},"end":{"line":28,"column":41}},"loc":{"start":{"line":28,"column":57},"end":{"line":31,"column":1}}},"5":{"name":"(anonymous_6)","decl":{"start":{"line":33,"column":40},"end":{"line":33,"column":45}},"loc":{"start":{"line":33,"column":63},"end":{"line":49,"column":1}}}},"branchMap":{"0":{"loc":{"start":{"line":10,"column":9},"end":{"line":10,"column":25}},"type":"binary-expr","locations":[{"start":{"line":10,"column":9},"end":{"line":10,"column":17}},{"start":{"line":10,"column":21},"end":{"line":10,"column":25}}]},"1":{"loc":{"start":{"line":20,"column":9},"end":{"line":20,"column":24}},"type":"binary-expr","locations":[{"start":{"line":20,"column":9},"end":{"line":20,"column":16}},{"start":{"line":20,"column":20},"end":{"line":20,"column":24}}]}},"s":{"0":1,"1":1,"2":1,"3":1,"4":1,"5":1,"6":1,"7":1,"8":1,"9":1,"10":1,"11":1,"12":1,"13":1,"14":1,"15":1,"16":1,"17":1,"18":1,"19":1,"20":1,"21":1,"22":1,"23":1,"24":1,"25":0,"26":0,"27":0,"28":0,"29":0,"30":1},"f":{"0":1,"1":1,"2":1,"3":1,"4":1,"5":0},"b":{"0":[1,0],"1":[1,0]}}
,"C:\\Users\\manu\\Desktop\\Hotel Management System\\api\\src\\users\\users.service.ts": {"path":"C:\\Users\\manu\\Desktop\\Hotel Management System\\api\\src\\users\\users.service.ts","statementMap":{"0":{"start":{"line":1,"column":0},"end":{"line":1,"column":33}},"1":{"start":{"line":2,"column":0},"end":{"line":2,"column":33}},"2":{"start":{"line":3,"column":0},"end":{"line":3,"column":42}},"3":{"start":{"line":6,"column":33},"end":{"line":9,"column":1}},"4":{"start":{"line":7,"column":21},"end":{"line":7,"column":68}},"5":{"start":{"line":8,"column":2},"end":{"line":8,"column":26}},"6":{"start":{"line":6,"column":13},"end":{"line":6,"column":33}},"7":{"start":{"line":12,"column":34},"end":{"line":15,"column":1}},"8":{"start":{"line":13,"column":19},"end":{"line":13,"column":48}},"9":{"start":{"line":14,"column":2},"end":{"line":14,"column":18}},"10":{"start":{"line":12,"column":13},"end":{"line":12,"column":34}},"11":{"start":{"line":18,"column":34},"end":{"line":21,"column":1}},"12":{"start":{"line":19,"column":17},"end":{"line":19,"column":74}},"13":{"start":{"line":20,"column":2},"end":{"line":20,"column":22}},"14":{"start":{"line":18,"column":13},"end":{"line":18,"column":34}},"15":{"start":{"line":24,"column":33},"end":{"line":27,"column":1}},"16":{"start":{"line":25,"column":2},"end":{"line":25,"column":99}},"17":{"start":{"line":26,"column":2},"end":{"line":26,"column":37}},"18":{"start":{"line":24,"column":13},"end":{"line":24,"column":33}},"19":{"start":{"line":30,"column":33},"end":{"line":33,"column":1}},"20":{"start":{"line":31,"column":2},"end":{"line":31,"column":65}},"21":{"start":{"line":32,"column":2},"end":{"line":32,"column":37}},"22":{"start":{"line":30,"column":13},"end":{"line":30,"column":33}}},"fnMap":{"0":{"name":"(anonymous_1)","decl":{"start":{"line":6,"column":33},"end":{"line":6,"column":38}},"loc":{"start":{"line":6,"column":53},"end":{"line":9,"column":1}}},"1":{"name":"(anonymous_2)","decl":{"start":{"line":12,"column":34},"end":{"line":12,"column":39}},"loc":{"start":{"line":12,"column":45},"end":{"line":15,"column":1}}},"2":{"name":"(anonymous_3)","decl":{"start":{"line":18,"column":34},"end":{"line":18,"column":39}},"loc":{"start":{"line":18,"column":55},"end":{"line":21,"column":1}}},"3":{"name":"(anonymous_4)","decl":{"start":{"line":24,"column":33},"end":{"line":24,"column":38}},"loc":{"start":{"line":24,"column":71},"end":{"line":27,"column":1}}},"4":{"name":"(anonymous_5)","decl":{"start":{"line":30,"column":33},"end":{"line":30,"column":38}},"loc":{"start":{"line":30,"column":54},"end":{"line":33,"column":1}}}},"branchMap":{"0":{"loc":{"start":{"line":8,"column":9},"end":{"line":8,"column":25}},"type":"binary-expr","locations":[{"start":{"line":8,"column":9},"end":{"line":8,"column":17}},{"start":{"line":8,"column":21},"end":{"line":8,"column":25}}]},"1":{"loc":{"start":{"line":20,"column":9},"end":{"line":20,"column":21}},"type":"binary-expr","locations":[{"start":{"line":20,"column":9},"end":{"line":20,"column":13}},{"start":{"line":20,"column":17},"end":{"line":20,"column":21}}]}},"s":{"0":1,"1":1,"2":1,"3":1,"4":1,"5":1,"6":1,"7":1,"8":1,"9":1,"10":1,"11":1,"12":1,"13":1,"14":1,"15":1,"16":1,"17":1,"18":1,"19":1,"20":1,"21":1,"22":1},"f":{"0":1,"1":1,"2":1,"3":1,"4":1},"b":{"0":[1,0],"1":[1,0]}}
}
